# JRE version: OpenJDK Runtime Environment (11.0.12+7) (build 11.0.12+7-b1504.28-7817840)
# Java VM: OpenJDK 64-Bit Server VM (11.0.12+7-b1504.28-7817840, mixed mode, tiered, compressed oops, g1 gc, windows-amd64)
Heap:
 garbage-first heap   total 262144K, used 168938K [0x0000000080000000, 0x0000000100000000)
  region size 1024K, 134 young (137216K), 11 survivors (11264K)
 Metaspace       used 67583K, capacity 69815K, committed 69916K, reserved 577536K
  class space    used 8934K, capacity 9813K, committed 9856K, reserved 516096K
GC Heap History (14 events):
Event: 0.723 GC heap before
{Heap before GC invocations=0 (full 0):
 garbage-first heap   total 262144K, used 30720K [0x0000000080000000, 0x0000000100000000)
  region size 1024K, 24 young (24576K), 0 survivors (0K)
 Metaspace       used 10225K, capacity 10425K, committed 10624K, reserved 526336K
  class space    used 1070K, capacity 1139K, committed 1152K, reserved 516096K
}
Event: 0.729 GC heap after
{Heap after GC invocations=1 (full 0):
 garbage-first heap   total 262144K, used 9433K [0x0000000080000000, 0x0000000100000000)
  region size 1024K, 3 young (3072K), 3 survivors (3072K)
 Metaspace       used 10225K, capacity 10425K, committed 10624K, reserved 526336K
  class space    used 1070K, capacity 1139K, committed 1152K, reserved 516096K
}
Event: 2.971 GC heap before
{Heap before GC invocations=1 (full 0):
 garbage-first heap   total 262144K, used 106713K [0x0000000080000000, 0x0000000100000000)
  region size 1024K, 99 young (101376K), 3 survivors (3072K)
 Metaspace       used 20781K, capacity 21164K, committed 21296K, reserved 536576K
  class space    used 2530K, capacity 2660K, committed 2688K, reserved 516096K
}
Event: 2.980 GC heap after
{Heap after GC invocations=2 (full 0):
 garbage-first heap   total 262144K, used 16788K [0x0000000080000000, 0x0000000100000000)
  region size 1024K, 11 young (11264K), 11 survivors (11264K)
 Metaspace       used 20781K, capacity 21164K, committed 21296K, reserved 536576K
  class space    used 2530K, capacity 2660K, committed 2688K, reserved 516096K
}
Event: 3.762 GC heap before
{Heap before GC invocations=3 (full 0):
 garbage-first heap   total 262144K, used 80276K [0x0000000080000000, 0x0000000100000000)
  region size 1024K, 73 young (74752K), 11 survivors (11264K)
 Metaspace       used 27224K, capacity 27829K, committed 27904K, reserved 540672K
  class space    used 3547K, capacity 3783K, committed 3840K, reserved 516096K
}
Event: 3.769 GC heap after
{Heap after GC invocations=4 (full 0):
 garbage-first heap   total 262144K, used 19837K [0x0000000080000000, 0x0000000100000000)
  region size 1024K, 3 young (3072K), 3 survivors (3072K)
 Metaspace       used 27224K, capacity 27829K, committed 27904K, reserved 540672K
  class space    used 3547K, capacity 3783K, committed 3840K, reserved 516096K
}
Event: 4.433 GC heap before
{Heap before GC invocations=4 (full 0):
 garbage-first heap   total 262144K, used 68989K [0x0000000080000000, 0x0000000100000000)
  region size 1024K, 52 young (53248K), 3 survivors (3072K)
 Metaspace       used 35117K, capacity 35891K, committed 36048K, reserved 548864K
  class space    used 4542K, capacity 4833K, committed 4864K, reserved 516096K
}
Event: 4.440 GC heap after
{Heap after GC invocations=5 (full 0):
 garbage-first heap   total 262144K, used 22962K [0x0000000080000000, 0x0000000100000000)
  region size 1024K, 6 young (6144K), 6 survivors (6144K)
 Metaspace       used 35117K, capacity 35891K, committed 36048K, reserved 548864K
  class space    used 4542K, capacity 4833K, committed 4864K, reserved 516096K
}
Event: 42.766 GC heap before
{Heap before GC invocations=6 (full 0):
 garbage-first heap   total 262144K, used 139698K [0x0000000080000000, 0x0000000100000000)
  region size 1024K, 117 young (119808K), 6 survivors (6144K)
 Metaspace       used 43730K, capacity 44945K, committed 45084K, reserved 557056K
  class space    used 5521K, capacity 6010K, committed 6016K, reserved 516096K
}
Event: 42.777 GC heap after
{Heap after GC invocations=7 (full 0):
 garbage-first heap   total 262144K, used 30991K [0x0000000080000000, 0x0000000100000000)
  region size 1024K, 14 young (14336K), 14 survivors (14336K)
 Metaspace       used 43730K, capacity 44945K, committed 45084K, reserved 557056K
  class space    used 5521K, capacity 6010K, committed 6016K, reserved 516096K
}
Event: 44.180 GC heap before
{Heap before GC invocations=7 (full 0):
 garbage-first heap   total 262144K, used 164111K [0x0000000080000000, 0x0000000100000000)
  region size 1024K, 140 young (143360K), 14 survivors (14336K)
 Metaspace       used 54013K, capacity 55587K, committed 55708K, reserved 565248K
  class space    used 7020K, capacity 7657K, committed 7680K, reserved 516096K
}
Event: 44.195 GC heap after
{Heap after GC invocations=8 (full 0):
 garbage-first heap   total 262144K, used 42381K [0x0000000080000000, 0x0000000100000000)
  region size 1024K, 16 young (16384K), 16 survivors (16384K)
 Metaspace       used 54013K, capacity 55587K, committed 55708K, reserved 565248K
  class space    used 7020K, capacity 7657K, committed 7680K, reserved 516096K
}
Event: 44.931 GC heap before
{Heap before GC invocations=8 (full 0):
 garbage-first heap   total 262144K, used 103821K [0x0000000080000000, 0x0000000100000000)
  region size 1024K, 77 young (78848K), 16 survivors (16384K)
 Metaspace       used 58826K, capacity 60484K, committed 60572K, reserved 569344K
  class space    used 7733K, capacity 8416K, committed 8448K, reserved 516096K
}
Event: 44.943 GC heap after
{Heap after GC invocations=9 (full 0):
 garbage-first heap   total 262144K, used 45034K [0x0000000080000000, 0x0000000100000000)
  region size 1024K, 11 young (11264K), 11 survivors (11264K)
 Metaspace       used 58826K, capacity 60484K, committed 60572K, reserved 569344K
  class space    used 7733K, capacity 8416K, committed 8448K, reserved 516096K
}

